<?xml version="1.0" encoding="UTF-8"?>
<robot generator="Robot 4.1.3 (Python 3.8.6 on darwin)" generated="20220325 17:03:09.414" rpa="false" schemaversion="2">
<suite id="s1" name="Vue-Robot-Playwright" source="/Users/bryanphang/Documents/Personal/vue-robot-playwright">
<suite id="s1-s1" name="Tests" source="/Users/bryanphang/Documents/Personal/vue-robot-playwright/tests">
<suite id="s1-s1-s1" name="E2E" source="/Users/bryanphang/Documents/Personal/vue-robot-playwright/tests/e2e">
<suite id="s1-s1-s1-s1" name="AboutView" source="/Users/bryanphang/Documents/Personal/vue-robot-playwright/tests/e2e/AboutView.robot">
<test id="s1-s1-s1-s1-t1" name="Starting a browser with a page">
<kw name="New Browser" library="Browser">
<arg>chromium</arg>
<arg>headless=false</arg>
<tag>BrowserControl</tag>
<tag>Setter</tag>
<doc>Create a new playwright Browser with specified options.</doc>
<msg timestamp="20220325 17:03:09.896" level="INFO">{"browser": "chromium", "headless": false, "handleSIGINT": true, "handleSIGTERM": true, "handleSIGHUP": true, "timeout": 30000.0, "devtools": false, "slowMo": 0.0, "tracesDir": "/Users/bryanphang/Documents/Personal/vue-robot-playwright/browser/traces/aac01821-60fc-4125-8fce-bf14c8ac71e6"}</msg>
<msg timestamp="20220325 17:03:10.503" level="INFO">Successfully created browser with options: {"browser":"chromium","headless":false,"handleSIGINT":true,"handleSIGTERM":true,"handleSIGHUP":true,"timeout":30000,"devtools":false,"slowMo":0,"tracesDir":"/Users/bryanphang/Documents/Personal/vue-robot-playwright/browser/traces/aac01821-60fc-4125-8fce-bf14c8ac71e6"}</msg>
<status status="PASS" starttime="20220325 17:03:09.895" endtime="20220325 17:03:10.504"/>
</kw>
<kw name="New Context" library="Browser">
<arg>viewport={'width': 1920, 'height': 1080}</arg>
<tag>BrowserControl</tag>
<tag>Setter</tag>
<doc>Create a new BrowserContext with specified options.</doc>
<msg timestamp="20220325 17:03:10.505" level="INFO">{"acceptDownloads": true, "ignoreHTTPSErrors": false, "bypassCSP": false, "viewport": {"height": 1080, "width": 1920}, "deviceScaleFactor": 1.0, "isMobile": false, "hasTouch": false, "javaScriptEnabled": true, "offline": false, "hideRfBrowser": false, "reducedMotion": "no-preference", "forcedColors": "none"}</msg>
<msg timestamp="20220325 17:03:10.557" level="INFO">Successfully created context. </msg>
<msg timestamp="20220325 17:03:10.557" level="INFO">{'acceptDownloads': True, 'ignoreHTTPSErrors': False, 'bypassCSP': False, 'viewport': {'height': 1080, 'width': 1920}, 'deviceScaleFactor': 1, 'isMobile': False, 'hasTouch': False, 'javaScriptEnabled': True, 'offline': False, 'hideRfBrowser': False, 'reducedMotion': 'no-preference', 'forcedColors': 'none'}</msg>
<status status="PASS" starttime="20220325 17:03:10.504" endtime="20220325 17:03:10.558"/>
</kw>
<kw name="New Page" library="Browser">
<arg>http://localhost:8080/about</arg>
<tag>BrowserControl</tag>
<tag>Setter</tag>
<doc>Open a new Page.</doc>
<msg timestamp="20220325 17:03:11.246" level="INFO">Successfully initialized new page object and opened url: http://localhost:8080/about</msg>
<status status="PASS" starttime="20220325 17:03:10.558" endtime="20220325 17:03:11.246"/>
</kw>
<kw name="Get Text" library="Browser">
<arg>css=.about</arg>
<arg>*=</arg>
<arg>This is an about page</arg>
<tag>Assertion</tag>
<tag>Getter</tag>
<tag>PageContent</tag>
<doc>Returns text attribute of the element found by ``selector``.</doc>
<status status="PASS" starttime="20220325 17:03:11.247" endtime="20220325 17:03:11.268"/>
</kw>
<status status="PASS" starttime="20220325 17:03:09.893" endtime="20220325 17:03:11.268"/>
</test>
<status status="PASS" starttime="20220325 17:03:09.437" endtime="20220325 17:03:11.309"/>
</suite>
<suite id="s1-s1-s1-s2" name="HomeView" source="/Users/bryanphang/Documents/Personal/vue-robot-playwright/tests/e2e/HomeView.robot">
<test id="s1-s1-s1-s2-t1" name="Open Browser Page">
<kw name="Open Webpage">
<kw name="New Browser" library="Browser">
<arg>chromium</arg>
<arg>headless=false</arg>
<tag>BrowserControl</tag>
<tag>Setter</tag>
<doc>Create a new playwright Browser with specified options.</doc>
<msg timestamp="20220325 17:03:11.317" level="INFO">{"browser": "chromium", "headless": false, "handleSIGINT": true, "handleSIGTERM": true, "handleSIGHUP": true, "timeout": 30000.0, "devtools": false, "slowMo": 0.0, "tracesDir": "/Users/bryanphang/Documents/Personal/vue-robot-playwright/browser/traces/c19af422-d09c-4817-bad6-93c749b5dc2b"}</msg>
<msg timestamp="20220325 17:03:11.568" level="INFO">Successfully created browser with options: {"browser":"chromium","headless":false,"handleSIGINT":true,"handleSIGTERM":true,"handleSIGHUP":true,"timeout":30000,"devtools":false,"slowMo":0,"tracesDir":"/Users/bryanphang/Documents/Personal/vue-robot-playwright/browser/traces/c19af422-d09c-4817-bad6-93c749b5dc2b"}</msg>
<status status="PASS" starttime="20220325 17:03:11.317" endtime="20220325 17:03:11.568"/>
</kw>
<kw name="New Context" library="Browser">
<arg>viewport={'width': 1920, 'height': 1080}</arg>
<tag>BrowserControl</tag>
<tag>Setter</tag>
<doc>Create a new BrowserContext with specified options.</doc>
<msg timestamp="20220325 17:03:11.569" level="INFO">{"acceptDownloads": true, "ignoreHTTPSErrors": false, "bypassCSP": false, "viewport": {"height": 1080, "width": 1920}, "deviceScaleFactor": 1.0, "isMobile": false, "hasTouch": false, "javaScriptEnabled": true, "offline": false, "hideRfBrowser": false, "reducedMotion": "no-preference", "forcedColors": "none"}</msg>
<msg timestamp="20220325 17:03:11.661" level="INFO">Successfully created context. </msg>
<msg timestamp="20220325 17:03:11.661" level="INFO">{'acceptDownloads': True, 'ignoreHTTPSErrors': False, 'bypassCSP': False, 'viewport': {'height': 1080, 'width': 1920}, 'deviceScaleFactor': 1, 'isMobile': False, 'hasTouch': False, 'javaScriptEnabled': True, 'offline': False, 'hideRfBrowser': False, 'reducedMotion': 'no-preference', 'forcedColors': 'none'}</msg>
<status status="PASS" starttime="20220325 17:03:11.568" endtime="20220325 17:03:11.661"/>
</kw>
<kw name="New Page" library="Browser">
<arg>${URL}</arg>
<tag>BrowserControl</tag>
<tag>Setter</tag>
<doc>Open a new Page.</doc>
<msg timestamp="20220325 17:03:12.512" level="INFO">Successfully initialized new page object and opened url: http://localhost:8080/</msg>
<status status="PASS" starttime="20220325 17:03:11.661" endtime="20220325 17:03:12.512"/>
</kw>
<status status="PASS" starttime="20220325 17:03:11.316" endtime="20220325 17:03:12.512"/>
</kw>
<kw name="Fill Username">
<kw name="Fill Text" library="Browser">
<arg>css=input#username</arg>
<arg>${USER_NAME}</arg>
<tag>PageContent</tag>
<tag>Setter</tag>
<doc>Clears and fills the given ``txt`` into the text field found by ``selector``.</doc>
<msg timestamp="20220325 17:03:12.513" level="INFO">Fills the text 'bryan' in the given field.</msg>
<status status="PASS" starttime="20220325 17:03:12.512" endtime="20220325 17:03:12.535"/>
</kw>
<status status="PASS" starttime="20220325 17:03:12.512" endtime="20220325 17:03:12.535"/>
</kw>
<kw name="Fill Password">
<kw name="Fill Text" library="Browser">
<arg>css=input#password</arg>
<arg>${PASSWORD}</arg>
<tag>PageContent</tag>
<tag>Setter</tag>
<doc>Clears and fills the given ``txt`` into the text field found by ``selector``.</doc>
<msg timestamp="20220325 17:03:12.535" level="INFO">Fills the text '123456' in the given field.</msg>
<status status="PASS" starttime="20220325 17:03:12.535" endtime="20220325 17:03:12.543"/>
</kw>
<status status="PASS" starttime="20220325 17:03:12.535" endtime="20220325 17:03:12.543"/>
</kw>
<kw name="Click Login">
<kw name="Click" library="Browser">
<arg>${CLICK_LOGIN}</arg>
<tag>PageContent</tag>
<tag>Setter</tag>
<doc>Simulates mouse click on the element found by ``selector``.</doc>
<status status="PASS" starttime="20220325 17:03:12.544" endtime="20220325 17:03:12.577"/>
</kw>
<status status="PASS" starttime="20220325 17:03:12.544" endtime="20220325 17:03:12.577"/>
</kw>
<kw name="Check Title">
<kw name="Get Text" library="Browser">
<arg>id=title</arg>
<arg>*=</arg>
<arg>Welcome</arg>
<tag>Assertion</tag>
<tag>Getter</tag>
<tag>PageContent</tag>
<doc>Returns text attribute of the element found by ``selector``.</doc>
<status status="PASS" starttime="20220325 17:03:12.578" endtime="20220325 17:03:12.594"/>
</kw>
<status status="PASS" starttime="20220325 17:03:12.577" endtime="20220325 17:03:12.594"/>
</kw>
<kw name="Check QR Code">
<kw name="Get Property" library="Browser">
<var>${image_url}</var>
<arg>img</arg>
<arg>src</arg>
<tag>Assertion</tag>
<tag>Getter</tag>
<tag>PageContent</tag>
<doc>Returns the ``property`` of the element found by ``selector``.</doc>
<msg timestamp="20220325 17:03:12.600" level="INFO">${image_url} = http://localhost:8080/img/test_qr.da6d8170.png</msg>
<status status="PASS" starttime="20220325 17:03:12.594" endtime="20220325 17:03:12.600"/>
</kw>
<kw name="Log To Console" library="BuiltIn">
<arg>${image_url}</arg>
<doc>Logs the given message to the console.</doc>
<status status="PASS" starttime="20220325 17:03:12.600" endtime="20220325 17:03:12.600"/>
</kw>
<status status="PASS" starttime="20220325 17:03:12.594" endtime="20220325 17:03:12.600"/>
</kw>
<status status="PASS" starttime="20220325 17:03:11.315" endtime="20220325 17:03:12.600"/>
</test>
<status status="PASS" starttime="20220325 17:03:11.311" endtime="20220325 17:03:12.643"/>
</suite>
<status status="PASS" starttime="20220325 17:03:09.437" endtime="20220325 17:03:12.645"/>
</suite>
<status status="PASS" starttime="20220325 17:03:09.436" endtime="20220325 17:03:12.646"/>
</suite>
<status status="PASS" starttime="20220325 17:03:09.425" endtime="20220325 17:03:12.646"/>
</suite>
<statistics>
<total>
<stat pass="2" fail="0" skip="0">All Tests</stat>
</total>
<tag>
</tag>
<suite>
<stat pass="2" fail="0" skip="0" id="s1" name="Vue-Robot-Playwright">Vue-Robot-Playwright</stat>
<stat pass="2" fail="0" skip="0" id="s1-s1" name="Tests">Vue-Robot-Playwright.Tests</stat>
<stat pass="2" fail="0" skip="0" id="s1-s1-s1" name="E2E">Vue-Robot-Playwright.Tests.E2E</stat>
<stat pass="1" fail="0" skip="0" id="s1-s1-s1-s1" name="AboutView">Vue-Robot-Playwright.Tests.E2E.AboutView</stat>
<stat pass="1" fail="0" skip="0" id="s1-s1-s1-s2" name="HomeView">Vue-Robot-Playwright.Tests.E2E.HomeView</stat>
</suite>
</statistics>
<errors>
</errors>
</robot>
